2025-07-15 10:36:38 [INFO]: POST /admin/login
2025-07-15 10:36:48 [INFO]: GET /admin/barbers
2025-07-15 10:36:53 [INFO]: GET /admin/users
2025-07-15 10:36:59 [INFO]: PATCH /admin/update-user-status/686bca3621c9da1f946b940f
2025-07-15 10:37:02 [INFO]: GET /admin/users
2025-07-15 10:37:10 [INFO]: PATCH /admin/update-user-status/686bca3621c9da1f946b940f
2025-07-15 10:37:12 [INFO]: GET /admin/users
2025-07-15 10:37:20 [INFO]: POST /admin/logout
2025-07-16 09:05:28 [INFO]: POST /admin/login
2025-07-16 09:05:32 [INFO]: GET /admin/users
2025-07-16 09:06:08 [INFO]: GET /admin/barbers
2025-07-16 09:06:13 [INFO]: GET /admin/users
2025-07-16 09:06:15 [INFO]: GET /admin/barbers
2025-07-17 11:40:08 [INFO]: POST /barber/login
2025-07-17 11:40:50 [INFO]: POST /barber/login
2025-07-17 11:40:57 [INFO]: POST /barber/logout
2025-07-17 11:41:35 [INFO]: GET /user/auth/google
2025-07-17 11:41:39 [INFO]: GET /user/auth/google/callback?code=4%2F0AVMBsJho-YzpbsXwUjF2mk3YYOOXcDD04CKuThtTE7GxRT0iQsLG9kHb1APkpwZ_J351ug&scope=email+profile+https%3A%2F%2Fwww.googleapis.com%2Fauth%2Fuserinfo.profile+openid+https%3A%2F%2Fwww.googleapis.com%2Fauth%2Fuserinfo.email&authuser=0&prompt=none
2025-07-17 11:41:54 [INFO]: POST /user/logout
2025-07-17 11:42:38 [INFO]: POST /admin/login
2025-07-17 11:42:41 [INFO]: GET /admin/barbers
2025-07-17 11:42:44 [INFO]: GET /admin/users
2025-07-17 11:42:46 [INFO]: PATCH /admin/update-user-status/686bca3621c9da1f946b940f
2025-07-17 11:42:48 [INFO]: GET /admin/users
2025-07-17 11:42:49 [INFO]: PATCH /admin/update-user-status/686bca3621c9da1f946b940f
2025-07-17 11:42:51 [INFO]: GET /admin/users
2025-07-17 11:42:53 [INFO]: GET /admin/barbers
2025-07-17 11:42:54 [INFO]: PATCH /admin/update-barber-status/686759c4436bd7d52a554391
2025-07-17 11:42:57 [INFO]: GET /admin/barbers
2025-07-17 11:42:58 [INFO]: PATCH /admin/update-barber-status/686759c4436bd7d52a554391
2025-07-17 11:43:00 [INFO]: GET /admin/barbers
2025-07-17 11:43:03 [INFO]: POST /admin/logout
